[   .0000] Initaliznggroupubys cpuset
[    0.000000] Initializing cgroup subsys cpu
[  0000000] Initializing cgroup subsyspucct[   0.0000] Linux version 4.4.0-134-generic (buildd@lgw01-amd64-033) (gcc version 5.4.0 20160609 (Ubuntu 5.4.0-6ubuntu1~16.04.10) ) #160-Ubuntu SMP Wed Aug 15 14:58:00 UTC 2018 (Ubuntu 4.4.0-134.160-generic 4.4.140)
[    0.000000] Command line: BOOT_IMAGE=/boot/vmlinuz-4.4.0-134-generic root=LABEL=cloudimg-rootfs ro console=tty1 console=ttyS0
[    0.000000] KERNEL supported cpus:
[    0.000000]   Intel GenuineIntel
[    0.00000]   AMD AuheicAMD
[  00000]  Centaur CentaurHauls
[  000000]86/fpu: xstae_offset[2]:  576, xstate_sizes[2]:  256
[    0.000000] x86/fpu: Supporting XSAVE feature 0x01: 'x87 floating point registers'
[    0.000000] x86/fpu: Supporting XSAVE feature 0x02: 'SSSE registers'
[    0.000000] x86/fpu: Supporting XSAVE feature 0x04: 'AVX registers'
[    0.000000] x86/fpu: Enabled xstate features 0x7, context size is 832 bytes, using 'standard' format.
[    0.000000] e820: BIOS-provided physical RAM map:
[    0.000000] BIOS-e820: [mem 0x0000000000000000-0x000000000009fbff] usable
[    0.000000] BIOS-e820: [mem 0x000000000009fc00-x000000009ff reseed
[  00000 BOS-e0:[mem 0x00000000000f0000-0x00000000000fffff] reserved
[    0.000000] BIOS-e820: [mem 0x0000000000100000-0x000000003ffeffff] usable
[    0.000000] BIOS-e820: [mem 0x000000003fff0000-0x000000003fffffff] ACPI data
[    0.000000] BIOS-e820: [mem 0x00000000fec00000-0x00000000fec00fff] reserved[    0.000000] BIOSe820 [m 0x0000000ee00000-0x00000000fee00fff] reserved
[    0.000000] BIOS-e820: [mem 0x00000000fffc0000-0x00000000ffffffff] reserved
[    0.000000] NX (Execute Disable) protection: active
[    0.000000] SMBIOS 2.5 present.
[    0.000000] Hypervisor detected: KVM
[    0.000000] e820: last_pfn = 0x3fff0 max_arch_pfn = 0x400000000
[    0.000000] MTRR: Disabled
[    0.000000] x86/PAT: MTRRs disabled, skipping PAT initialization too.
[    0.000000] CPU MTRRs all blank - virtualized system.
[    0.000000] x86/PAT: Configuration [0-7: WB  WT  UC- UC  WB  WT  UC- UC  
[    0.000000] found SMP MP-table at [mem 0x0009fff0-0x0009ffff] mapped at [ffff88000009fff0]
[    0.000000] Scanning 1 areas for low memory corruption
[  0.0000]RAMDISK: [mem 0x3630c000-0x3717dfff]
[  0.000000] ACPI: Early table checksum verification disabled
[    0.000000] ACPI: RSDP 0x00000000000E0000 000024 (v02 VBOX  )
[    0.000000] ACPI: XSDT 0x000000003FFF0030 00003C (v01 VBOX   VBOXXSDT 00000001 ASL  00000061)
[    0.000000] ACPI: FACP 0x000000003FFF00F0 0000F4 (v04 VBOX   VBOXFACP 00000001 ASL  00000061)
[    0.000000] ACPI: DSDT 0x000000003FFF0470 0021FF (v02 VBOX   VBOXBIOS 00000002 INTL 20100528)
[    0.000000] ACPI: FACS 0x000000003FFF0200 000040
[    0.000000] ACPI: FACS 0x000000003FFF0200 000040
[    0.000000] ACPI: APIC 0x000000003FFF0240 00005C (v02 VBOX   VBOXAPIC 00000001 ASL  00000061)
    0.000000] ACPI: SSDT 0x000000003FFF02A0 0001CC (v01 VBOX   VBOXCPUT 000000INTL 20100528)
[    0.000000] No NUMA confgutionoud
[   0.0000]Faking a node at [mem 0x0000000000000000-0x000000003ffeffff]
[  0.0000] NODE_DATA(0) allocated [mem 0x3ffeb000-0x3ffeffff]
[    0.000000] kvm-clock: Using msrs 4b564d01 and 4b564d00
[    0.000000] kvm-clock: cpu 0, msr 0:3ffe3001, primary cpu clock
[    0.000000] kvm-clock: using sched offset of 6173944986 cycles
[    0.000000] clocksource: kvm-clock: mask: 0xffffffffffffffff max_cycles: 0x1cd42e4dffb, max_idle_ns: 881590591483 ns
[    0.000000] Zone ranges:
[    0.000000]   DMA      [mem 0x0000000000001000-0x0000000000ffffff]
[    0.000000]   DMA32    [mem 0x0000000001000000-0x000000003ffeffff]
[    0.000000]   Normal   empty
[    0.000000]   Device   empty
[    0.000000] Movable zone start for each node
[    0.000000] Early memory node ranges
[    0.000000]   node   0: [mem 0x0000000000001000-0x000000000009efff]
[    000000]   node   0: [mem 0x0000000000100000-0x000000003ffeffff]
[    0.000000] Initmem setup node 0 [mem 0x0000000000001000-0x000000003ffeffff]
[    0.000000] ACPI: PM-Timer IO Port: 0x4008
[    0.000000] IOAPIC[0]: apic_id 2, version 32, address 0xfec00000, GSI 0-23
[    0.000000] ACPI: INT_SRC_OVR bu 0 bs_q 0 gob_irq df dfl)
[  000000] ACPI: INT_SRC_OVR (bus 0 bus_irq 9 gllob_iq 9 loleel)    0.000000] Using ACPI (MADT) for SMP configuration information
[    0.000000] smpboo Allowing 2 CPUs, 0 hotplug CPUs
[    0.000000] PM: Registered nosave memory: [mem 0x00000000-0x00000fff]
[    0.000000 PM: Registered nosave memory: [mem 0x0009f000-0x0009ffff]
[    0.000000] PM: Registered nosave memory: [mem 0x000a0000-0x000effff]
[    0.000000] PM: Registered nosave memory: [mem 0x000f0000-0x000fffff]
[    0.000000] e820: [mem 0x40000000-0xfebfffff] available for PCI devices
[    0.000000] Booting paravirtualized kernel on KVM
[    0.000000] clocksource: refined-jiffies: mask: 0xffffffff max_cycles: 0xffffffff, max_idle_ns: 7645519600211568 ns
[    0.000000] setup_percpu: NR_CPUS:512 nr_cpumask_bits:512 nr_cpu_ids:2 nr_node_ids:1
[    0.000000] PERCPU: Embedded 34 pages/cpu @ffff88003fc00000 s99544 r8192 d31528 u1048576
[    0.000000] PV qspinlock hash table entries: 256 (order: 0, 4096 bytes)
[    0.000000] Built 1 zonelists in Node order, mobility grouping on.  Total pages: 257912
[  0000000Poicyon: DMA
[    0.000000] Kernel command line: BOOT_IMAGE=/boot/vmlinuz-4.4.0-134-generic root=LABEL=cloudimgroots ro console=tty1 console=ttyS0
[    0.000000] PID hash table entries: 4096 (order: 3, 32768 bytes)
[   0.000000] Memory: 997724K/1048120K available (8554K kernel code, 1314K rwdata, 4004K rodata, 1516K init, 1316K bss, 50396K reserved, 0K cma-reserved)
[    0.000000] SLUB: HWalign=64, Order=0-3, MinObjects=0, CPUs=2, Nodes=1
[    0.000000] Kernel/User page tables isolation: enabled
[    0.000000] Hierarchical RCU implementation.
[    0.000000] 	Build-time adjustment of leaf fanout to 64.
[    0.000000] 	RCU restrictng Usrom NCPUS=512 to nr_cpu_ids=2.
[    0.000000] RCU: Adjusting geometry for rcu_fanout_leaf=64, nr_cpu_ids=2
[    0.000000] NR_IRQS:33024 nr_irqs:440 16
[    0.000000] Console: colour VGA+ x2
[    0.000000] console [tty1] abed
[  000000]onsole [ttyS0] enabled
[  0000000] tsc: Detected 1991.997 MHz processor
[    3.109276] Calibrating delay loop (skipped) preset value.. 3983.99 BogoMIPS (lpj=7967988)
[    3.110977] pid_max: default: 32768 minimum: 301
[    3.112070] ACPI: Core revision 20150930
[    3.128161] ACPI: 2 ACPI AML tables successfully acquired and loaded
[    3.137756] Security Framework initialized
[    3.138616] Yama: becoming mindful.
[    3.139431] AppArmor: AppArmor initialized
[    3.140472] Dentry cache hash table entries: 131072 (order: 8, 1048576 bytes)
[    3.144517] Inode-cache hash table entries: 65536 (order: 7, 524288 bytes)
[    3.145939] Mount-cache hash table entries: 2048 (order: 2, 16384 bytes)
[    3.149170] Mountpoint-cache hash table entries: 2048 (order: 2, 16384 bytes)
[    3.150719] Initializing cgroup subsys io
[    3.151630] Initializing cgroup subsys memory
[    3.159449] Initializing cgroup subsys devices
[    3.224152] Initializing cgroup subsys freezer
[    3.232185] Initializing cgroup subsys net_cls
[    3.233054] Initializing cgroup subsys perf_event
[    3.233989] Initializing cgroup subsys net_prio
[    3.234968] Initializing cgroup subsys hugetlb
[    3.248621] Initializing cgroup subsys pids
[    3.250568] mce: CPU supports 0 MCE banks
[    3.258691] Last level iTLB entries: 4KB 64, 2MB 8, 4MB 8
[    3.259732] Last level dTLB entries: 4KB 64, 2MB 0, 4MB 0, 1GB 4
[    3.260920] Spectre V2 : Mitigation: Full generic retpoline
[    3.261952] Spectre V2 : Speculation control IBPB not-supported IBRS not-supported
[    3.266310] Spectre V2 : Filling RSB on context switch
[    3.284973] Speculative Store Bypass: Vulnerable
[    3.311239] Freeing SMP alternatives memory: 32K
[    3.378718] ftrace: allocating 32266 entries in 127 pages
[    3.436284] smpboot: APIC(0) Converting physical 0 to logical package 0
[    3.456117] smpboot: Max logical packages: 1
[    3.495699] x2apic enabled
[    3.506412] Switched APIC routing to physical x2apic.
[    3.543153] ..TIMER: vector=0x30 apic1=0 pin1=2 apic2=-1 pin2=-1
[    3.702933] smpboot: CPU0: Intel(R) Core(TM) i7-8550U CPU @ 1.80GHz (family: 0x6, model: 0x8e, stepping: 0xa)
[    3.770138] Performance Events: unsupported p6 CPU model 142 no PMU driver, software events only.
[    3.792568] KVM setup paravirtual spinlock
[    3.794086] x86: Booting SMP configuration:
[    3.795000] .... node  #0, CPUs:      #1
[    3.798686] kvm-clock: cpu 1, msr 0:3ffe3041, secondary cpu clock
[    3.804631] mce: CPU supports 0 MCE banks
[    3.834999] x86: Booted up 1 node, 2 CPUs
[    3.836151] smpboot: Total of 2 processors activated (7967.98 BogoMIPS)
[    3.837888] devtmpfs: initialized
[    3.840058] evm: security.selinux
[    3.840840] evm: security.SMACK64
[    3.841607] evm: security.SMACK64EXEC
[    3.842438] evm: security.SMACK64TRANSMUTE
[    3.843361] evm: security.SMACK64MMAP
[    3.844343] evm: security.ima
[    3.845059] evm: security.capability
[    3.846125] clocksource: jiffies: mask: 0xffffffff max_cycles: 0xffffffff, max_idle_ns: 7645041785100000 ns
[    3.919540] futex hash table entries: 512 (order: 3, 32768 bytes)
[    3.951937] pinctrl core: initialized pinctrl subsystem
[    3.953176] RTC time: 18:22:47, date: 09/10/18
[    4.006875] NET: Registered protocol family 16
[    4.094560] cpuidle: using governor ladder
[    4.115927] cpuidle: using governor menu
[    4.119264] PCCT header not found.
[    4.120185] ACPI: bus type PCI registered
[    4.121062] acpiphp: ACPI Hot Plug PCI Controller Driver version: 0.5
[    4.122426] PCI: Using configuration type 1 for base access
[    4.248302] ACPI: Added _OSI(Module Device)
[    4.259603] ACPI: Added _OSI(Processor Device)
[    4.297776] ACPI: Added _OSI(3.0 _SCP Extensions)
[    4.298800] ACPI: Added _OSI(Processor Aggregator Device)
[    4.300491] ACPI: Executed 1 blocks of module-level executable AML code
[    4.304234] ACPI: Interpreter enabled
[    4.305170] ACPI: (supports S0 S5)
[    4.306130] ACPI: Using IOAPIC for interrupt routing
[    4.368703] PCI: Using host bridge windows from ACPI; if necessary, use "pci=nocrs" and report a bug
[    4.374370] ACPI: PCI Root Bridge [PCI0] (domain 0000 [bus 00-ff])
[    4.375536] acpi PNP0A03:00: _OSC: OS supports [ASPM ClockPM Segments MSI]
[    4.376942] acpi PNP0A03:00: _OSC: not requesting OS control; OS requires [ExtendedConfig ASPM ClockPM MSI]
[    4.386411] acpi PNP0A03:00: fail to add MMCONFIG information, can't access extended PCI configuration space under this bridge.
[    4.389129] PCI host bridge to bus 0000:00
[    4.390072] pci_bus 0000:00: root bus resource [io  0x0000-0x0cf7 window]
[    4.391327] pci_bus 0000:00: root bus resource [io  0x0d00-0xffff window]
[    4.392636] pci_bus 0000:00: root bus resource [mem 0x000a0000-0x000bffff window]
[    4.394499] pci_bus 0000:00: root bus resource [mem 0x40000000-0xfdffffff window]
[    4.396118] pci_bus 0000:00: root bus resource [bus 00-ff]
[    4.399287] pci 0000:00:01.1: legacy IDE quirk: reg 0x10: [io  0x01f0-0x01f7]
[    4.400555] pci 0000:00:01.1: legacy IDE quirk: reg 0x14: [io  0x03f6]
[    4.401941] pci 0000:00:01.1: legacy IDE quirk: reg 0x18: [io  0x0170-0x0177]
[    4.420622] pci 0000:00:01.1: legacy IDE quirk: reg 0x1c: [io  0x0376]
[    4.441011] pci 0000:00:07.0: quirk: [io  0x4000-0x403f] claimed by PIIX4 ACPI
[    4.467164] pci 0000:00:07.0: quirk: [io  0x4100-0x410f] claimed by PIIX4 SMB
[    4.473624] ACPI: PCI Interrupt Link [LNKA] (IRQs 5 9 10 *11)
[    4.499616] ACPI: PCI Interrupt Link [LNKB] (IRQs 5 9 *10 11)
[    4.501282] ACPI: PCI Interrupt Link [LNKC] (IRQs 5 *9 10 11)
[    4.502885] ACPI: PCI Interrupt Link [LNKD] (IRQs 5 9 10 *11)
[    4.504597] ACPI: Enabled 2 GPEs in block 00 to 07
[    4.506058] vgaarb: setting as boot device: PCI:0000:00:02.0
[    4.557313] vgaarb: device added: PCI:0000:00:02.0,decodes=io+mem,owns=io+mem,locks=none
[    4.587518] vgaarb: loaded
[    4.588266] vgaarb: bridge control possible 0000:00:02.0
[    4.589877] SCSI subsystem initialized
[    4.590843] ACPI: bus type USB registered
[    4.591816] usbcore: registered new interface driver usbfs
[    4.592904] usbcore: registered new interface driver hub
[    4.602130] usbcore: registered new device driver usb
[    4.605909] PCI: Using ACPI for IRQ routing
[    4.631953] NetLabel: Initializing
[    4.632854] NetLabel:  domain hash size = 128
[    4.633729] NetLabel:  protocols = UNLABELED CIPSOv4
[    4.634690] NetLabel:  unlabeled traffic allowed by default
[    4.635924] amd_nb: Cannot enumerate AMD northbridges
[    4.643593] clocksource: Switched to clocksource kvm-clock
[    4.656996] AppArmor: AppArmor Filesystem Enabled
[    4.658149] pnp: PnP ACPI init
[    4.659726] pnp: PnP ACPI: found 3 devices
[    4.670654] clocksource: acpi_pm: mask: 0xffffff max_cycles: 0xffffff, max_idle_ns: 207024ns
[    4.81867] NET: Registered protocol family 2

[    4.845151] TCP established hash table entries: 8192 (order: 4, 65536 bytes)
[    4.846597] TCP bind hah tab eri: 92orr:5,331072byt)  6.45] P:astaesongud stlihe81 bind 8192)[    7760800] P shabe eri: 2 rd:  16384 bytes)
[    8.315316] UDP-Lite hash table entries: 512 (order: 2, 16384 bytes)
[    8.316546] NET: Registered proco family 1
[   .464 p 00:0:.0 Lmiting direct PCI/PCIransfers
[    8.886564] pci 0000:00:01.0: Activating ISA DMA hang workarounds
[  8880]Unpacking initramfs...

[    986019] Freeing init mor 192

[   9.19] laorm rtcms:egted platform RTC device (no PNP device found)
[ 10401]canngorlomeryorptonevy  sconds
[   10.796014] t: fid TSC clocksource calibration: 19.2 M
[   11.246036]clksur: scmak:0xffffffffffffffff max_cycles: 0x39767126ae9, max_idle_ns: 881590433938 ns

[   11.2443] audit: initializing netlink subsys (disabled)

[   11.246555] audit: type=2000 audit(1536603778.259:1): initialized
[   11.246774] Initialise system trusted keyring
[   11.246846] HugeTLB registered 2 MB page size, pre-allocated 0 pages
[   11.248327] zbud: loaded
[   11.248582] VFS: Disk quotas dquot_6.6.0
[   11.248605] VFS: Dquot-cache hash table entries: 512 (order 0, 4096 bytes)
[   11.248792] squashfs: version 4.0 (2009/01/31) Phillip Lougher
[   11.248965] fuse init (API version 7.23)
[   11.249057] Key type big_key registered
[   11.249077] Allocating IMA MOK and blacklist keyrings.
[   11.249243] Key type asymmetric registered
[   11.249248] Asymmetric key parser 'x509' registered
[   11.249274] Block layer SCSI generic (bsg) driver version 0.4 loaded (major 249)
[   11.249288] io scheduler noop registered
[   11.249289] io scheduler deadline registered (default)
[   11.249314] io scheduler cfq registered
[   11.249384] pci_hotplug: PCI Hot Plug PCI Core version: 0.5
[   11.249388] pciehp: PCI Express Hot Plug Controller Driver version: 0.4
[   11.249492] ACPI: AC Adapter [AC] (on-line)
[   11.249537] input: Power Button as /devices/LNXSYSTM:00/LNXPWRBN:00/input/input0
[   11.249539] ACPI: Power Button [PWRF]
[   11.249596] input: Sleep Button as /devices/LNXSYSTM:00/LNXSLPBN:00/input/input1
[   11.249597] ACPI: Sleep Button [SLPF]
[   11.249707] GHES: HEST is not enabled!
[   11.250316] ACPI: Battery Slot [BAT0] (battery present)
[   11.250344] Serial: 8250/16550 driver, 32 ports, IRQ sharing enabled
[   11.552821] 00:02: ttyS0 at I/O 0x3f8 (irq = 4, base_baud = 115200) is a 16550A
[   11.610929] Linux agpgart interface v0.103
[   11.626762] loop: module loaded
[   11.627286] scsi host0: ata_piix
[   11.627333] scsi host1: ata_piix
[   11.627359] ata1: PATA max UDMA/33 cmd 0x1f0 ctl 0x3f6 bmdma 0xd000 irq 14
[   11.627360] ata2: PATA max UDMA/33 cmd 0x170 ctl 0x376 bmdma 0xd008 irq 15
[   11.627422] libphy: Fixed MDIO Bus: probed
[   11.627424] tun: Universal TUN/TAP device driver, 1.6
[   11.627424] tun: (C) 1999-2004 Max Krasnyansky <maxk@qualcomm.com>
[   11.627708] PPP generic driver version 2.4.2
[   11.627751] ehci_hcd: USB 2.0 'Enhanced' Host Controller (EHCI) Driver
[   11.627754] ehci-pci: EHCI PCI platform driver
[   11.627761] ehci-platform: EHCI generic platform driver
[   11.627768] ohci_hcd: USB 1.1 'Open' Host Controller (OHCI) Driver
[   11.627772] ohci-pci: OHCI PCI platform driver
[   11.627779] ohci-platform: OHCI generic platform driver
[   11.627786] uhci_hcd: USB Universal Host Controller Interface driver
[   11.627828] i8042: PNP: PS/2 Controller [PNP0303:PS2K,PNP0f03:PS2M] at 0x60,0x64 irq 1,12
[   11.642612] serio: i8042 KBD port at 0x60,0x64 irq 1
[   11.642617] serio: i8042 AUX port at 0x60,0x64 irq 12
[   11.642740] mousedev: PS/2 mouse device common for all mice
[   11.643042] rtc_cmos rtc_cmos: rtc core: registered rtc_cmos as rtc0
[   11.643116] rtc_cmos rtc_cmos: alarms up to one day, 114 bytes nvram
[   11.643122] i2c /dev entries driver
[   11.643188] device-mapper: uevent: version 1.0.3
[   11.643237] device-mapper: ioctl: 4.34.0-ioctl (2015-10-28) initialised: dm-devel@redhat.com
[   11.643258] ledtrig-cpu: registered to indicate activity on CPUs
[   11.643670] NET: Registered protocol family 10
[   11.643801] NET: Registered protocol family 17
[   11.643810] Key type dns_resolver registered
[   11.644016] registered taskstats version 1
[   11.644025] Loading compiled-in X.509 certificates
[   11.644482] Loaded X.509 cert 'Build time autogenerated kernel key: 4eb3d024ac16f76c1747ffd474694c84db21038b'
[   11.644497] zswap: loaded using pool lzo/zbud
[   11.645896] Key type trusted registered
[   11.648247] Key type encrypted registered
[   11.648251] AppArmor: AppArmor sha1 policy hashing enabled
[   11.648253] ima: No TPM chip found, activating TPM-bypass!
[   11.648257] ima: Allocated hash algorithm: sha1
[   11.648266] evm: HMAC attrs: 0x1
[   11.648488]   Magic number: 2:502:392
[   11.654175] rtc_cmos rtc_cmos: setting system clock to 2018-09-10 18:22:54 UTC (1536603774)
[   11.654280] BIOS EDD facility v0.16 2004-Jun-25, 0 devices found
[   11.654290] EDD information not available.
[   11.656427] input: AT Translated Set 2 keyboard as /devices/platform/i8042/serio0/input/input2
[   13.285306] Freeing unused kernel memory: 1516K
[   13.304667] Write protecting the kernel read-only data: 14336k
[   13.313309] Freeing unused kernel memory: 1672K
[   13.314390] Freeing unused kernel memory: 92K
Loading, please wait...
starting version[   13.330723] random: systemd-udevd: uninitialized urandom read (16 bytes read, 7 bits of entropy available)
 229
[   13.331084] random: udevadm: uninitialized urandom read (16 bytes read, 7 bits of entropy available)
[   13.331098] random: udevadm: uninitialized urandom read (16 bytes read, 7 bits of entropy available)
[   13.339472] random: udevadm: uninitialized urandom read (16 bytes read, 7 bits of entropy available)
[   13.339533] random: udevadm: uninitialized urandom read (16 bytes read, 7 bits of entropy available)
[   13.339698] random: udevadm: uninitialized urandom read (16 bytes read, 7 bits of entropy available)
[   13.339875] random: udevadm: uninitialized urandom read (16 bytes read, 7 bits of entropy available)
[   13.340119] random: udevadm: uninitialized urandom read (16 bytes read, 7 bits of entropy available)
[   13.340226] random: udevadm: uninitialized urandom read (16 bytes read, 7 bits of entropy available)
[   13.340381] random: udevadm: uninitialized urandom read (16 bytes read, 7 bits of entropy available)
[   13.407561] e1000: Intel(R) PRO/1000 Network Driver - version 7.3.21-k8-NAPI
[   13.409002] e1000: Copyright (c) 1999-2006 Intel Corporation.
[   13.410321] Fusion MPT base driver 3.04.20
[   13.411284] Copyright (c) 1999-2008 LSI Corporation
[   13.438037] Fusion MPT SPI Host driver 3.04.20
[   13.490319] AVX2 version of gcm_enc/dec engaged.
[   13.491316] AES CTR mode by8 optimization enabled
[   13.721179] input: ImExPS/2 Generic Explorer Mouse as /devices/platform/i8042/serio1/input/input5
[   13.853989] e1000 0000:00:03.0 eth0: (PCI:33MHz:32-bit) 02:1d:76:b3:3c:fe
[   14.290924] e1000 0000:00:03.0 eth0: Intel(R) PRO/1000 Network Connection
[   14.299654] mptbase: ioc0: Initiating bringup
[   14.299899] e1000 0000:00:03.0 enp0s3: renamed from eth0
[   14.404184] ioc0: LSI53C1030 A0: Capabilities={Initiator}
[   14.656445] scsi host2: ioc0: LSI53C1030 A0, FwRev=00000000h, Ports=1, MaxQ=256, IRQ=20
[   14.872204] scsi 2:0:0:0: Direct-Access     VBOX     HARDDISK         1.0  PQ: 0 ANSI: 5
[   15.044186] scsi target2:0:0: Beginning Domain Validation
[   15.077649] scsi target2:0:0: Domain Validation skipping write tests
[   15.162520] scsi target2:0:0: Ending Domain Validation
[   15.182648] scsi target2:0:0: asynchronous
[   15.205662] scsi 2:0:1:0: Direct-Access     VBOX     HARDDISK         1.0  PQ: 0 ANSI: 5
[   15.314007] scsi target2:0:1: Beginning Domain Validation
[   15.334472] scsi target2:0:1: Domain Validation skipping write tests
[   15.392831] scsi target2:0:1: Ending Domain Validation
[   15.413159] scsi target2:0:1: asynchronous
[   15.463826] sd 2:0:0:0: Attached scsi generic sg0 type 0
[   15.549127] sd 2:0:0:0: [sda] 20971520 512-byte logical blocks: (10.7 GB/10.0 GiB)
[   15.569606] sd 2:0:1:0: Attached scsi generic sg1 type 0
[   15.622401] sd 2:0:1:0: [sdb] 20480 512-byte logical blocks: (10.5 MB/10.0 MiB)
[   15.622975] sd 2:0:0:0: [sda] Write Protect is off
[   15.623260] sd 2:0:0:0: [sda] Incomplete mode parameter data
[   15.623261] sd 2:0:0:0: [sda] Assuming drive cache: write through
[   15.798195]  sda: sda1
[   15.799528] sd 2:0:0:0: [sda] Attached SCSI disk
[   15.896007] sd 2:0:1:0: [sdb] Write Protect is off
[   15.965078] sd 2:0:1:0: [sdb] Incomplete mode parameter data
[   15.972834] sd 2:0:1:0: [sdb] Assuming drive cache: write through
[   16.054441] sd 2:0:1:0: [sdb] Attached SCSI disk
Begin: Loading e[   18.457674] md: linear personality registered for level -1
ssential drivers[   18.565249] md: multipath personality registered for level -4
 ... [   18.698673] md: raid0 personality registered for level 0
[   18.716145] md: raid1 personality registered for level 1
[   18.903910] raid6: sse2x1   gen() 11928 MB/s
[   19.040076] raid6: sse2x1   xor()  9258 MB/s
[   19.140385] raid6: sse2x2   gen() 14796 MB/s
[   19.267643] raid6: sse2x2   xor() 10420 MB/s
[   19.371711] raid6: sse2x4   gen() 16973 MB/s
[   19.451949] raid6: sse2x4   xor() 11405 MB/s
[   19.548155] raid6: avx2x1   gen() 23153 MB/s
[   19.628104] raid6: avx2x2   gen() 26673 MB/s
[   19.743774] raid6: avx2x4   gen() 29979 MB/s
[   19.744994] raid6: using algorithm avx2x4 gen() 29979 MB/s
[   19.765365] raid6: using avx2x2 recovery algorithm
[   19.788995] xor: automatically using best checksumming function:
[   19.859845]    avx       : 30686.000 MB/sec
[   19.965184] async_tx: api initialized (async)
[   19.999025] md: raid6 personality registered for level 6
[   20.140647] md: raid5 personality registered for level 5
[   20.172339] md: raid4 personality registered for level 4
[   20.185659] md: raid10 personality registered for level 10
done.
Begin: Running /scripts/init-premount ... done.
Begin: Mounting root file system ... Begin: Running /scripts/local-top ... done.
Begin: Running /scripts/local-premount ... [   20.223578] Btrfs loaded
Scanning for Btrfs filesystems
done.
Warning: fsck not present, so skipping root file system
[   20.329026] EXT4-fs (sda1): mounted filesystem with ordered data mode. Opts: (null)
done.
Begin: Running /scripts/local-bottom ... done.
Begin: Running /scripts/init-bottom ... done.
[   20.895089] random: nonblocking pool is initialized
[   21.605615] systemd[1]: systemd 229 running in system mode. (+PAM +AUDIT +SELINUX +IMA +APPARMOR +SMACK +SYSVINIT +UTMP +LIBCRYPTSETUP +GCRYPT +GNUTLS +ACL +XZ -LZ4 +SECCOMP +BLKID +ELFUTILS +KMOD -IDN)
[   21.891469] systemd[1]: Detected virtualization oracle.
[   21.916926] systemd[1]: Detected architecture x86-64.

Welcome to [1mUbuntu 16.04.5 LTS[0m!

[   22.140120] systemd[1]: Set hostname to <ubuntu>.
[   22.251354] systemd[1]: Initializing machine ID from random generator.
[   22.376134] systemd[1]: Installed transient /etc/machine-id file.
[   23.299500] systemd[1]: Listening on Journal Audit Socket.
[[0;32m  OK  [0m] Listening on Journal Audit Socket.
[   23.567972] systemd[1]: Listening on udev Control Socket.
[[0;32m  OK  [0m] Listening on udev Control Socket.
[   23.736487] systemd[1]: Listening on LVM2 poll daemon socket.
[[0;32m  OK  [0m] Listening on LVM2 poll daemon socket.
[   23.764115] systemd[1]: Listening on udev Kernel Socket.
[[0;32m  OK  [0m] Listening on udev Kernel Socket.
[   23.924816] systemd[1]: Created slice System Slice.
[[0;32m  OK  [0m] Created slice System Slice.
[   23.970653] systemd[1]: Created slice system-serial\x2dgetty.slice.
[[0;32m  OK  [0m] Created slice system-serial\x2dgetty.slice.
[   24.035056] systemd[1]: Listening on Journal Socket (/dev/log).
[[0;32m  OK  [0m] Listening on Journal Socket (/dev/log).
[   24.148703] systemd[1]: Listening on Syslog Socket.
[[0;32m  OK  [0m] Listening on Syslog Socket.
[   24.225436] systemd[1]: Listening on Device-mapper event daemon FIFOs.
[[0;32m  OK  [0m] Listening on Device-mapper event daemon FIFOs.
[   24.277330] systemd[1]: Started Trigger resolvconf update for networkd DNS.
[[0;32m  OK  [0m] Started Trigger resolvconf update for networkd DNS.
[   24.520789] systemd[1]: Set up automount Arbitrary Executable File Formats File System Automount Point.
[[0;32m  OK  [0m] Set up automount Arbitrary Executab...ats File System Automount Point.
[   24.813063] systemd[1]: Reached target Encrypted Volumes.
[[0;32m  OK  [0m] Reached target Encrypted Volumes.
[   24.976511] systemd[1]: Started Forward Password Requests to Wall Directory Watch.
[[0;32m  OK  [0m] Started Forward Password Requests to Wall Directory Watch.
[   25.184045] systemd[1]: Listening on LVM2 metadata daemon socket.
[[0;32m  OK  [0m] Listening on LVM2 metadata daemon socket.
[   25.379933] systemd[1]: Reached target System Time Synchronized.
[[0;32m  OK  [0m] Reached target System Time Synchronized.
[   25.599897] systemd[1]: Reached target User and Group Name Lookups.
[[0;32m  OK  [0m] Reached target User and Group Name Lookups.
[   25.800418] systemd[1]: Listening on Journal Socket.
[[0;32m  OK  [0m] Listening on Journal Socket.
[   26.348011] systemd[1]: Starting Remount Root and Kernel File Systems...
[   26.416217] EXT4-fs (sda1): re-mounted. Opts: (null)
         Starting Remount Root and Kernel File Systems...
[   26.584285] systemd[1]: Starting Journal Service...
         Starting Journal Service...
[   26.642189] systemd[1]: Starting Create list of required static device nodes for the current kernel...
         Starting Create list of required st... nodes for the current kernel...
[   26.704414] systemd[1]: Starting Nameserver information manager...
         Starting Nameserver information manager...
[   26.820763] systemd[1]: Starting Monitoring of LVM2 mirrors, snapshots etc. using dmeventd or progress polling...
         Starting Monitoring of LVM2 mirrors... dmeventd or progress polling...
[   27.051792] systemd[1]: Starting Uncomplicated firewall...
         Starting Uncomplicated firewall...
[   27.128372] systemd[1]: Mounting POSIX Message Queue File System...
         Mounting POSIX Message Queue File System...
[   27.180929] systemd[1]: Mounting Huge Pages File System...
         Mounting Huge Pages File System...
[   27.324060] systemd[1]: Mounting Debug File System...
         Mounting Debug File System...
[   27.359738] systemd[1]: Starting Set console keymap...
         Starting Set console keymap...
[   27.425851] systemd[1]: Created slice User and Session Slice.
[[0;32m  OK  [0m] Created slice User and Session Slice.
[   27.491576] systemd[1]: Reached target Slices.
[[0;32m  OK  [0m] Reached target Slices.
[   27.635976] systemd[1]: Listening on /dev/initctl Compatibility Named Pipe.
[[0;32m  OK  [0m] Listening on /dev/initctl Compatibility Named Pipe.
[   27.776636] systemd[1]: Starting Load Kernel Modules...
         Starting Load Kernel Modules...
[   27.840683] systemd[1]: Reached target Swap.
[   2.906 Ladig iSCSI transport class v2.0-87
[[0;32m  OK  [0m] Reached target Swap.
[   28.220692] systemd[1]: Mounted Debug File System.
[[0;32m  OK  [0m] Mounted Debug File System.
[   28.396151] systemd[1]: Mounted Huge Pages File System.
[[0;32m  OK  [0m] Mounted Huge Pages File System.
[   28.465019] systemd[1]: Mounted POSIX Message Queue File System.
[[0;32m  OK  [0m] Mounted POSIX Message Queue File System.
[   28.619856] systemd[1]: Started Journal Service.
[[0;32m  OK  [0m] Started Journal Service.
[[0;32m  OK  [0m] Started Remount Root and Kernel File Systems.
[[0;32m  OK  [0m] Started Create list of required sta...ce nodes for the current kernel.
[   28.965366] iscsi: registered transport (tcp)
[[0;32m  OK  [0m] Started Uncomplicated firewall.
[[0;32m  OK  [[   29.053459] iscsi: registered transport (iser)
0m] Started Set console keymap.
[[0;32m  OK  [0m] Started Load Kernel Modules.
[[0;32m  OK  [0m] Started Nameserver information manager.
[[0;32m  OK  [0m] Started LVM2 metadata daemon.
         Mounting FUSE Control File System...
         Starting Apply Kernel Variables...
         Starting Create Static Device Nodes in /dev...
         Starting udev Coldplug all Devices...
         Starting Load/Save Random Seed...
         Starting Flush Journal to Persistent Storage...
[[0;32m  OK  [0m] Mounted FUSE Control File System.
[[0;32m  OK  [0m] Started Monitoring of LVM2 mirrors,...ng dmeventd or progress polling.
[[0;32m  OK  [0m] Started Apply Kernel Variables.
[[0;32m  OK  [0m] Started Create Static Device Nodes in /dev.
[[0;32m  OK  [0m] Started Load/Save Random Seed.
[[0;32m  OK  [0m] Started udev Coldplug all Devices.
[[0;32m  OK  [0m] Started Flush Journal to Persistent Storage.
         Starting udev Kernel Device Manager...
[[0;32m  OK  [0m] Started udev Kernel Device Manager.
[[0;32m  OK  [0m] Reached target Local File Systems (Pre).
[[0;32m  OK  [0m] Reached target Local File Systems.
         Starting Commit a transient machine-id on disk...
         Starting Tell Plymouth To Write Out Runtime Data...
         Starting LSB: AppArmor initialization...
         Starting Initial cloud-init job (pre-networking)...
         Starting Set console font and keymap...
         Starting Create Volatile Files and Directories...
[[0;32m  OK  [0m] Started Dispatch Password Requests to Console Directory Watch.
[[0;32m  OK  [0m] Started Commit a transient machine-id on disk.
[[0;32m  OK  [0m] Started Tell Plymouth To Write Out Runtime Data.
[[0;32m  OK  [0m] Started Create Volatile Files and Directories.
[[0;32m  OK  [0m] Found device /dev/ttyS0.
[[0;32m  OK  [0m] Listening on Load/Save RF Kill Switch Status /dev/rfkill Watch.
         Starting Update UTMP about System Boot/Shutdown...
[[0;32m  OK  [0m] Started Update UTMP about System Boot/Shutdown.
[[0;32m  OK  [0m] Started Set console font and keymap.
[[0;32m  OK  [0m] Created slice system-getty.slice.
[[0;32m  OK  [0m] Started LSB: AppArmor initialization.
[   31.837329] cloud-init[486]: Cloud-init v. 18.3-9-g2e62cb8a-0ubuntu1~16.04.2 running 'init-local' at Mon, 10 Sep 2018 18:23:18 +0000. Up 31.12 seconds.
[[0;32m  OK  [0m] Started Initial cloud-init job (pre-networking).
[[0;32m  OK  [0m] Reached target Network (Pre).
         Starting Raise network interfaces...
[[0;32m  OK  [0m] Started Raise network interfaces.
         Starting Initial cloud-init job (metadata service crawler)...
[[0;32m  OK  [0m] Reached target Network.
[   37.149618] cloud-init[921]: Cloud-init v. 18.3-9-g2e62cb8a-0ubuntu1~16.04.2 running 'init' at Mon, 10 Sep 2018 18:23:20 +0000. Up 33.23 seconds.
[[0;32m  OK  [0m] Started Initial cloud-init job (metadata service crawler).
[[0;32m  OK  [0m] Reached target Cloud-config availability.
[   37.326955] cloud-init[921]: ci-info: ++++++++++++++++++++++++++++++++++++++Net device info++++++++++++++++++++++++++++++++++++++
[   37.656330] cloud-init[921]: ci-info: +--------+------+----------------------------+---------------+--------+-------------------+
[   37.824804] cloud-init[921]: ci-info: | Device |  Up  |          Address           |      Mask     | Scope  |     Hw-Address    |
[   37.980957] cloud-init[921]: ci-info: +--------+------+----------------------------+---------------+--------+-------------------+
[[0;32m  OK  [0m] Reached target Network is Online.
[   38.139545] cloud-init[921]: ci-info: | enp0s3 | True |         10.0.2.15          | 255.255.255.0 | global | 02:1d:76:b3:3c:fe |
[   38.328487] cloud-init[921]: ci-info: | enp0s3 | True | fe80::1d:76ff:feb3:3cfe/64 |       .       |  link  | 02:1d:76:b3:3c:fe |
[   38.884304] cloud-init[921]: ci-info: |   lo   | True |         127.0.0.1          |   255.0.0.0   |  host  |         .         |
[   39.056584] cloud-init[921]: ci-info: |   lo   | True |          ::1/128           |       .       |  host  |         .         |
         Starting iSCSI initiator daemon (iscsid)...
[[0;32m  OK  [0m] Reached target System Initialization.
[[0;32m  OK  [0m] Listening on UUID daemon activation socket.
[   39.259860] cloud-init[921]: ci-info: +--------+------+----------------------------+---------------+--------+-------------------+
[   39.664790] cloud-init[921]: ci-info: +++++++++++++++++++++++++++Route IPv4 info++++++++++++++++++++++++++++
[   39.789491] cloud-init[921]: ci-info: +-------+-------------+----------+---------------+-----------+-------+
[   39.898154] cloud-init[921]: ci-info: | Route | Destination | Gateway  |    Genmask    | Interface | Flags |
[   40.014445] cloud-init[921]: ci-info: +-------+-------------+----------+---------------+-----------+-------+
[[0;32m  OK  [0m] Started ACPI Events Check.
[[0;32m  OK  [0m] Reached target Paths.
[[0;32m  OK  [0m] Listening on D-Bus System Message Bus Socket.
[[0;32m  OK  [0m] Started Daily Cleanup of Temporary Directories.
[[0;32m  OK  [0m] Listening on ACPID Listen Socket.
[   40.147912] cloud-init[921]: ci-info: |   0   |   0.0.0.0   | 10.0.2.2 |    0.0.0.0    |   enp0s3  |   UG  |
[   40.530727] cloud-init[921]: ci-info: |   1   |   10.0.2.0  | 0.0.0.0  | 255.255.255.0 |   enp0s3  |   U   |
[   40.532942]          Starting LXD - unix socket.
         Starting Socket activation for snappy daemon.
[[0;32m  OK  [0m] Started Daily apt download activities.
[[0;32m  OK  [0m] Started Daily apt upgrade and clean activities.
[[0;32m  OK  [0m] Reached target Timers.
cloud-init[921]: ci-info: +-------+-------------+----------+---------------+-----------+-------+
[   40.621878] [[0;32m  OK  [0m] Listening on LXD - unix socket.
[[0;32m  OK  [0m] Listening on Socket activation for snappy daemon.
[[0;32m  OK  [0m] Started iSCSI initiator daemon (iscsid).
cloud-init[921]: ci-info: +++++++++++++++++++Route IPv6 info+++++++++++++++++++
[   40.885211] cloud-init[921]: ci-info: +-------+-------------+---------+-----------+-------+
[   40.996788] cloud-init[921]: ci-info: | Route | Destination | Gateway | Interface | Flags |
[   41.084556] cloud-init[921]: ci-info: +-------+-------------+---------+-----------+-------+
[   41.217254] cloud-init[921]: ci-info: |   0   |  fe80::/64  |    ::   |   enp0s3  |   U   |
[   41.332638] cloud-init[921]: ci-info: |   3   |   ff00::/8  |    ::   |   enp0s3  |   U   |
         Starting Login to default iSCSI targets...
[[0;32m  OK  [0m] Reached target Sockets.
[[0;32m  OK  [0m] Reached target Basic System.
[   41.455572] cloud-init[921]: ci-info: +-------+-------------+---------+-----------+-------+
[   41.672913] cloud-init[921]: Generating public/private rsa key pair.
         Starting Virtualbox guest utils...
[   41.688457] cloud-init[921]: Your identification has been saved in /etc/ssh/ssh_host_rsa_key.
[   41.774878] cloud-init[921]: Your public key has been saved in /etc/ssh/ssh_host_rsa_key.pub.
[   41.832876] cloud-init[921]: The key fingerprint is:
[   41.884556] cloud-init[921]: SHA256:idtaznTbaqtnqGccY2nmRejOWpZDVsILyQdcAEY+pdU root@ubuntu-xenial
[   42.013081] cloud-init[921]: The key's randomart image is:
         Starting LSB: MD monitoring daemon...
[   42.107322] cloud-init[921]: +---[RSA 2048]----+
[   42.173093] cloud-init[921]: |   .+o=+.        |
[   42.244372] cloud-init[921]: |   o =.+E        |
[   42.312246] cloud-init[921]: |    + + +..      |
[   42.393058] cloud-init[921]: |     . +.=.      |
[   42.437223] cloud-init[921]: |      ..So       |
[   42.508601] cloud-init[921]: |       =O..      |
[   42.595284] cloud-init[921]: |      .OO=.      |
         Starting LXD - container startup/shutdown...
[   42.639838] cloud-init[921]: |       OOo+o     |
[   42.768242] cloud-init[921]: |      +=+=+o.    |
         Starting LSB: Record successful boot for GRUB...
[   42.815365] cloud-init[921]: +----[SHA256]-----+
[   42.866698] cloud-init[921]: Generating public/private dsa key pair.
         Starting Pollinate to seed the pseudo random number generator...
[   42.911731] cloud-init[921]: Your identification has been saved in /etc/ssh/ssh_host_dsa_key.
[   42.957680] cloud-init[921]: Your public key has been saved in /etc/ssh/ssh_host_dsa_key.pub.
         Starting System Logging Service...
[   42.979731] cloud-init[921]: The key fingerprint is:
[   43.076438] cloud-init[921]: SHA256:RVaTumnAdN4rDBSm44n3eAXnRTpm8kLYY10We6YmFgU root@ubuntu-xenial
[   43.156390] [[0;32m  OK  [0m] Started ACPI event daemon.
cloud-init[921]: The key's randomart image is:
[   43.207331]          Starting Snappy daemon...
cloud-init[[0;32m  OK  [0m] Started D-Bus System Message Bus.
[921]: +---[DSA 1024]----+
[   43.249015] cloud-init[921]: |        o.EoOo   |
[   43.333328] cloud-init[921]: |       =o+.*.o   |
[   43.372031] cloud-init[921]: |      ++BoXoo o  |
[   43.377754] cloud-init[921]: |     o =+@o+.+   |
[   43.379148] cloud-init[921]: |    . + S+*oo.   |
[   43.380563] cloud-init[921]: |     . o +*o.    |
[   43.381886] cloud-init[921]: |      . o. .     |
[   43.383197] cloud-init[921]: |       .         |
[   43.402050] cloud-init[921]: |                 |
[   43.403473] cloud-init[921]: +----[SHA256]-----+
[   43.414983] cloud-init[921]: Generating public/private ecdsa key pair.
[   43.436426] cloud-init[921]: Your identification has been saved in /etc/ssh/ssh_host_ecdsa_key.
[   43.499546] cloud-init[921]: Your public key has been saved in /etc/ssh/ssh_host_ecdsa_key.pub.
[   43.606266] cloud-init[921]: The key fingerprint is:
[   43.652683] cloud-init[921]: SHA256:QB5imKKzzzqcyyYwhvbFooVGHSLEplE5lLf24NJVhoY root@ubuntu-xenial
[   43.723418] cloud-init[921]: The key's randomart image is:
[   43.746076] cloud-init[921]: +---[ECDSA 256]---+
[   43.747849] cloud-init[921]: |o+o=o.o.         |
[   43.750445] cloud-init[921]: |++*oE+o.o        |
[   43.756650] cloud-init[921]: |=ooo.ooo         |
[   43.758255] cloud-init[921]: |+. .+ ..         |
[   43.759933] cloud-init[921]: |oo.+.+  S        |
[   43.800516] cloud-init[921]: |==.ooo.          |
[   43.849314] cloud-init[921]: |*+=.o            |
[   43.885506] cloud-init[921]: |+=o.             |
[   43.961327] cloud-init[921]: |+=.              |
[   44.011388] cloud-init[921]: +----[SHA256]-----+
[   44.017187] cloud-init[921]: Generating public/private ed25519 key pair.
[   44.084435] cloud-init[921]: Your identification has been saved in /etc/ssh/ssh_host_ed25519_key.
[   44.225225] cloud-init[921]: Your public key has been saved in /etc/ssh/ssh_host_ed25519_key.pub.
[   44.318259] cloud-init[921]: The key fingerprint is:
[   44.372474] cloud-init[921]: SHA256:vEqEHpoDiFtHLgLARVOIpYALxGzCHB5GEzOIssJFFX8 root@ubuntu-xenial
[   44.452584] cloud-init[921]: The key's randomart image is:
[   44.506279] cloud-init[921]: +--[ED25519 256]--+
[   44.568721] [[0;32m  OK  [0m] Started Unattended Upgrades Shutdown.
cloud-init[921]: |#@O*++.          |
[   44.589143] cloud-init[921]: |%O*o. .          |
[   44.609634] cloud-init[921]: |B=. .  . E       |
[[0;32m  OK  [0m] Started Regular background program processing daemon.
[   44.679831] cloud-init[921]: |B. o . ..        |
[   44.728561] cloud-init[921]: |* o = . S        |
[   44.752335] [cloud-init[0;32m  OK  [0m[921]: ] | = * o   .       |Started Deferred execution scheduler.

[   44.752799] cloud-init[921]: |. + . . .        |
[   44.949248] cloud-init[921]: |   . . .         |
[[0;32m  OK  [0m] Started FUSE filesystem for LXC.
[   45.024836] cloud-init[921]: |      .          |
[   45.084683] cloud-init[921]: +----[SHA256]-----+
         Starting Accounts Service...
         Starting Login Service...
         Starting /etc/rc.local Compatibility...
[[0;32m  OK  [0m] Started System Logging Service.
[[0;32m  OK  [0m] Started LXD - container startup/shutdown.
[[0;32m  OK  [0m] Started /etc/rc.local Compatibility.
[[0;32m  OK  [0m] Started Login Service.
[[0;32m  OK  [0m] Started Login to default iSCSI targets.
[[0;32m  OK  [0m] Reached target Remote File Systems (Pre).
[[0;32m  OK  [0m] Reached target Remote File Systems.
         Starting Permit User Sessions...
         Starting LSB: automatic crash report generation...
         Starting LSB: Set the CPU Frequency Scaling governor to "ondemand"...
         Starting LSB: daemon to balance interrupts for SMP systems...
[[0;32m  OK  [0m] Started LSB: MD monitoring daemon.
[[0;32m  OK  [0m] Started LSB: Record successful boot for GRUB.
[[0;32m  OK  [0m] Started Permit User Sessions.
[[0;32m  OK  [0m] Started LSB: Set the CPU Frequency Scaling governor to "ondemand".
[[0;32m  OK  [0m] Started Virtualbox guest utils.
         Starting Authenticate and Authorize Users to Run Privileged Tasks...
         Starting Hold until boot process finishes up...
         Starting Terminate Plymouth Boot Screen...
[[0;32m  OK  [0m] Started LSB: automatic crash report generation.
[[0;32m  OK  [0m] Started LSB: daemon to balance interrupts for SMP systems.
[[0;32m  OK  [0m] Started Hold until boot process finishes up.
[[0;32m  OK  [0m] Started Terminate Plymouth Boot Screen.
[[0;32m  OK  [0m] Started Serial Getty on ttyS0.
[[0;32m  OK  [0m] Started Getty on tty1.
[[0;32m  OK  [0m] Reached target Login Prompts.
         Starting Set console scheme...
[[0;32m  OK  [0m] Started Snappy daemon.
[[0;32m  OK  [0m] Started Authenticate and Authorize Users to Run Privileged Tasks.
[[0;32m  OK  [0m] Started Accounts Service.
         Starting Wait until snapd is fully seeded...
[[0;32m  OK  [0m] Started Set console scheme.
[[0;32m  OK  [0m] Started Pollinate to seed the pseudo random number generator.
         Starting OpenBSD Secure Shell server...
[[0;32m  OK  [0m] Started OpenBSD Secure Shell server.
[[0;32m  OK  [0m] Created slice User Slice of vagrant.
         Starting User Manager for UID 1000...
[[0;32m  OK  [0m] Started Session 1 of user vagrant.
[[0;32m  OK  [0m] Started User Manager for UID 1000.

Ubuntu 16.04.5 LTS ubuntu-xenial ttyS0

ubuntu-xenial login: [   59.690693] cloud-init[1358]: Generating locales (this might take a while)...
[   64.199697] cloud-init[1358]:   en_US.UTF-8... done
[   64.200573] cloud-init[1358]: Generation complete.
[   68.542881] cloud-init[1358]: Cloud-init v. 18.3-9-g2e62cb8a-0ubuntu1~16.04.2 running 'modules:config' at Mon, 10 Sep 2018 18:23:45 +0000. Up 58.91 seconds.
ci-info: no authorized ssh keys fingerprints found for user ubuntu.
<14>Sep 10 18:23:56 ec2: 
<14>Sep 10 18:23:56 ec2: #############################################################
<14>Sep 10 18:23:56 ec2: -----BEGIN SSH HOST KEY FINGERPRINTS-----
<14>Sep 10 18:23:56 ec2: 1024 SHA256:RVaTumnAdN4rDBSm44n3eAXnRTpm8kLYY10We6YmFgU root@ubuntu-xenial (DSA)
<14>Sep 10 18:23:56 ec2: 256 SHA256:QB5imKKzzzqcyyYwhvbFooVGHSLEplE5lLf24NJVhoY root@ubuntu-xenial (ECDSA)
<14>Sep 10 18:23:56 ec2: 256 SHA256:vEqEHpoDiFtHLgLARVOIpYALxGzCHB5GEzOIssJFFX8 root@ubuntu-xenial (ED25519)
<14>Sep 10 18:23:56 ec2: 2048 SHA256:idtaznTbaqtnqGccY2nmRejOWpZDVsILyQdcAEY+pdU root@ubuntu-xenial (RSA)
<14>Sep 10 18:23:56 ec2: -----END SSH HOST KEY FINGERPRINTS-----
<14>Sep 10 18:23:56 ec2: #############################################################
-----BEGIN SSH HOST KEY KEYS-----
ecdsa-sha2-nistp256 AAAAE2VjZHNhLXNoYTItbmlzdHAyNTYAAAAIbmlzdHAyNTYAAABBBGsMeN5Wj/pg2cuctdQU3Nh69LXiP0aMdhc9wcxq3Bo4mjIj4RtAMwYnE6VROzLXDfeXdRpgbvtAM7nGqNzGamA= root@ubuntu-xenial
ssh-ed25519 AAAAC3NzaC1lZDI1NTE5AAAAIEKROE0huERx+V7VZklFz1fXgauapHq9vidLnm9cVvCY root@ubuntu-xenial
ssh-rsa AAAAB3NzaC1yc2EAAAADAQABAAABAQDkoyygqDAt7oN60sNmGuttjyNJyfA/gxrFW6NsRaIH9x57ypCKlLv0iBVsqq3sIrBs4F4uLmHS3nnQqnN50iuWlsYwiyqAld5njWBsdgT8sdvUYGOWwI6rrZyLskIxuX2ptLERnKSjZIia6CEQdGMKYd0JDVANTH5sAtc0LpW8ayJkBlqJsAM77l9lcg6itY9lrqZlemVvnJybo7iFMXODYCDvxvQ1Wk9BTxecsEUVTrVzB9phNt44lBXuvz/59TOinA1qP0HNQz4Wz7bNSxyFdhY0TTTDCJeZoh0T0azT/YleaiwHuM9z0hLRjzaevPMqn/YYmCfnxralOpzeoReF root@ubuntu-xenial
-----END SSH HOST KEY KEYS-----
[   69.224760] cloud-init[1471]: Cloud-init v. 18.3-9-g2e62cb8a-0ubuntu1~16.04.2 running 'modules:final' at Mon, 10 Sep 2018 18:23:55 +0000. Up 68.90 seconds.
[   69.224923] cloud-init[1471]: ci-info: no authorized ssh keys fingerprints found for user ubuntu.
[   69.225018] cloud-init[1471]: Cloud-init v. 18.3-9-g2e62cb8a-0ubuntu1~16.04.2 finished at Mon, 10 Sep 2018 18:23:56 +0000. Datasource DataSourceNoCloud [seed=/dev/sdb][dsmode=net].  Up 69.21 seconds
